{"/Users/ariffhaikal/Documents/dev/meme-generator/src/App.jsx": {"path":"/Users/ariffhaikal/Documents/dev/meme-generator/src/App.jsx","statementMap":{"0":{"start":{"line":6,"column":4},"end":{"line":10,"column":null}}},"fnMap":{"0":{"name":"App","decl":{"start":{"line":4,"column":24},"end":{"line":4,"column":30}},"loc":{"start":{"line":4,"column":30},"end":{"line":10,"column":null}}}},"branchMap":{},"s":{"0":3},"f":{"0":3},"b":{}}
,"/Users/ariffhaikal/Documents/dev/meme-generator/src/components/Header.jsx": {"path":"/Users/ariffhaikal/Documents/dev/meme-generator/src/components/Header.jsx","statementMap":{"0":{"start":{"line":4,"column":4},"end":{"line":11,"column":null}}},"fnMap":{"0":{"name":"Header","decl":{"start":{"line":3,"column":24},"end":{"line":3,"column":33}},"loc":{"start":{"line":3,"column":33},"end":{"line":11,"column":null}}}},"branchMap":{},"s":{"0":5},"f":{"0":5},"b":{}}
,"/Users/ariffhaikal/Documents/dev/meme-generator/src/components/Main.jsx": {"path":"/Users/ariffhaikal/Documents/dev/meme-generator/src/components/Main.jsx","statementMap":{"0":{"start":{"line":4,"column":28},"end":{"line":8,"column":6}},"1":{"start":{"line":9,"column":36},"end":{"line":9,"column":48}},"2":{"start":{"line":11,"column":4},"end":{"line":15,"column":null}},"3":{"start":{"line":12,"column":8},"end":{"line":14,"column":null}},"4":{"start":{"line":13,"column":25},"end":{"line":13,"column":35}},"5":{"start":{"line":14,"column":26},"end":{"line":14,"column":54}},"6":{"start":{"line":18,"column":29},"end":{"line":18,"column":72}},"7":{"start":{"line":19,"column":27},"end":{"line":19,"column":null}},"8":{"start":{"line":20,"column":8},"end":{"line":23,"column":null}},"9":{"start":{"line":20,"column":29},"end":{"line":23,"column":11}},"10":{"start":{"line":27,"column":30},"end":{"line":27,"column":null}},"11":{"start":{"line":28,"column":8},"end":{"line":31,"column":null}},"12":{"start":{"line":28,"column":29},"end":{"line":31,"column":11}},"13":{"start":{"line":34,"column":4},"end":{"line":63,"column":null}}},"fnMap":{"0":{"name":"Main","decl":{"start":{"line":3,"column":24},"end":{"line":3,"column":31}},"loc":{"start":{"line":3,"column":31},"end":{"line":63,"column":null}}},"1":{"name":"(anonymous_1)","decl":{"start":{"line":11,"column":4},"end":{"line":11,"column":20}},"loc":{"start":{"line":11,"column":20},"end":{"line":15,"column":9}}},"2":{"name":"(anonymous_2)","decl":{"start":{"line":13,"column":13},"end":{"line":13,"column":18}},"loc":{"start":{"line":13,"column":25},"end":{"line":13,"column":35}}},"3":{"name":"(anonymous_3)","decl":{"start":{"line":14,"column":13},"end":{"line":14,"column":18}},"loc":{"start":{"line":14,"column":26},"end":{"line":14,"column":54}}},"4":{"name":"getMemeImage","decl":{"start":{"line":17,"column":13},"end":{"line":17,"column":28}},"loc":{"start":{"line":17,"column":28},"end":{"line":23,"column":null}}},"5":{"name":"(anonymous_5)","decl":{"start":{"line":20,"column":8},"end":{"line":20,"column":16}},"loc":{"start":{"line":20,"column":29},"end":{"line":23,"column":11}}},"6":{"name":"handleChange","decl":{"start":{"line":26,"column":13},"end":{"line":26,"column":26}},"loc":{"start":{"line":26,"column":33},"end":{"line":31,"column":null}}},"7":{"name":"(anonymous_7)","decl":{"start":{"line":28,"column":8},"end":{"line":28,"column":16}},"loc":{"start":{"line":28,"column":29},"end":{"line":31,"column":11}}}},"branchMap":{},"s":{"0":51,"1":51,"2":51,"3":3,"4":3,"5":3,"6":1,"7":1,"8":1,"9":1,"10":44,"11":44,"12":44,"13":51},"f":{"0":51,"1":3,"2":3,"3":3,"4":1,"5":1,"6":44,"7":44},"b":{}}
}
